make all --print-data-base --no-builtin-variables --no-builtin-rules --question
# GNU Make 4.2.1
# Built for x86_64-pc-linux-gnu
# Copyright (C) 1988-2016 Free Software Foundation, Inc.
# License GPLv3+: GNU GPL version 3 or later <http://gnu.org/licenses/gpl.html>
# This is free software: you are free to change and redistribute it.
# There is NO WARRANTY, to the extent permitted by law.

# Make data base, printed on Mon May  9 14:25:44 2022

# Variables

# 'override' directive
GNUMAKEFLAGS := 
# automatic
<D = $(patsubst %/,%,$(dir $<))
# automatic
?F = $(notdir $?)
# environment
DESKTOP_SESSION = ubuntu
# default
.SHELLFLAGS := -c
# environment
XDG_SESSION_CLASS = user
# environment
GATEWAY_VM_OPTIONS = /home/mohammad/Downloads/ja-netfilter/vmoptions/gateway.vmoptions
# environment
SNAP_COMMON = /var/snap/code/common
# environment
XDG_SESSION_TYPE = x11
# environment
VSCODE_LOG_NATIVE = false
# automatic
?D = $(patsubst %/,%,$(dir $?))
# environment
IM_CONFIG_PHASE = 1
# environment
WEBSTORM_VM_OPTIONS = /home/mohammad/Downloads/ja-netfilter/vmoptions/webstorm.vmoptions
# automatic
@D = $(patsubst %/,%,$(dir $@))
# environment
XAUTHORITY = /run/user/1000/gdm/Xauthority
# environment
GDMSESSION = ubuntu
# environment
XMODIFIERS = @im=ibus
# makefile
CURDIR := /home/mohammad/Documents/preHiring
# makefile
SHELL = /bin/sh
# environment
SNAP_DATA = /var/snap/code/95
# environment
APPCODE_VM_OPTIONS = /home/mohammad/Downloads/ja-netfilter/vmoptions/appcode.vmoptions
# environment
VSCODE_NLS_CONFIG = {"locale":"en-us","availableLanguages":{},"_languagePackSupport":true}
# environment
JOURNAL_STREAM = 8:53736
# environment
XDG_CONFIG_DIRS = /etc/xdg/xdg-ubuntu:/etc/xdg
# environment
SNAP_INSTANCE_NAME = code
# environment
SNAP_ARCH = amd64
# makefile (from 'Makefile', line 1)
MAKEFILE_LIST :=  Makefile
# automatic
@F = $(notdir $@)
# environment
GIO_LAUNCHED_DESKTOP_FILE = /var/lib/snapd/desktop/applications/code_code.desktop
# environment
USERNAME = mohammad
# environment
MAKELEVEL := 0
# environment
XDG_DATA_DIRS = /usr/share/ubuntu:/usr/local/share/:/usr/share/:/var/lib/snapd/desktop
# environment
VSCODE_AMD_ENTRYPOINT = vs/workbench/api/node/extensionHostProcess
# environment
DBUS_SESSION_BUS_ADDRESS = unix:path=/run/user/1000/bus
# environment
VSCODE_VERBOSE_LOGGING = true
# environment
_ = /snap/code/95/usr/share/code/code
# environment
MANAGERPID = 1566
# environment
WEBIDE_VM_OPTIONS = /home/mohammad/Downloads/ja-netfilter/vmoptions/webide.vmoptions
# environment
LESSOPEN = | /usr/bin/lesspipe %s
# environment
LC_NAME = az_IR
# environment
VSCODE_CWD = /home/mohammad
# environment
GOPROXY = https://proxy.golang.org,direct
# environment
GSETTINGS_SCHEMA_DIR = /snap/code/95/usr/share/glib-2.0/schemas
# default
MAKE_HOST := x86_64-pc-linux-gnu
# environment
PATH = /snap/go/current/bin:/usr/local/sbin:/usr/local/bin:/usr/sbin:/usr/bin:/sbin:/bin:/usr/games:/usr/local/games:/snap/bin:/home/mohammad/.dotnet/tools:/home/mohammad/.dotnet/tools
# environment
PHPSTORM_VM_OPTIONS = /home/mohammad/Downloads/ja-netfilter/vmoptions/phpstorm.vmoptions
# environment
GPG_AGENT_INFO = /run/user/1000/gnupg/S.gpg-agent:0:1
# environment
SESSION_MANAGER = local/mohammad-NUC11PAHi5:@/tmp/.ICE-unix/1819,unix/mohammad-NUC11PAHi5:/tmp/.ICE-unix/1819
# environment
XDG_RUNTIME_DIR = /run/user/1000
# environment
GDK_PIXBUF_MODULE_FILE = /home/mohammad/snap/code/common/.cache/gdk-pixbuf-loaders.cache
# environment
SNAP = /snap/code/95
# makefile (from 'Makefile', line 1)
GOPATH := /home/mohammad/go
# environment
GOLAND_VM_OPTIONS = /home/mohammad/Downloads/ja-netfilter/vmoptions/goland.vmoptions
# environment
SNAP_VERSION = 57fd6d01
# environment
XDG_MENU_PREFIX = gnome-
# environment
VSCODE_LOG_STACK = false
# environment
DISABLE_WAYLAND = 1
# environment
ELECTRON_RUN_AS_NODE = 1
# environment
INVOCATION_ID = a2f85cd47426455a9d55b307dfdeb357
# environment
GDK_PIXBUF_MODULEDIR = /snap/code/95/usr/lib/x86_64-linux-gnu/gdk-pixbuf-2.0/2.10.0/loaders
# environment
JETBRAINSCLIENT_VM_OPTIONS = /home/mohammad/Downloads/ja-netfilter/vmoptions/jetbrainsclient.vmoptions
# default
.FEATURES := target-specific order-only second-expansion else-if shortest-stem undefine oneshell archives jobserver output-sync check-symlink load
# environment
IDEA_VM_OPTIONS = /home/mohammad/Downloads/ja-netfilter/vmoptions/idea.vmoptions
# environment
DATASPELL_VM_OPTIONS = /home/mohammad/Downloads/ja-netfilter/vmoptions/dataspell.vmoptions
# environment
LS_COLORS = 
# environment
XDG_SESSION_DESKTOP = ubuntu
# environment
SSH_AUTH_SOCK = /run/user/1000/keyring/ssh
# environment
GIO_LAUNCHED_DESKTOP_FILE_PID = 3550
# automatic
%F = $(notdir $%)
# makefile (from 'Makefile', line 6)
GOBIN := /home/mohammad/Documents/preHiring/bin
# environment
DISPLAY = :0
# environment
VSCODE_PIPE_LOGGING = true
# environment
SNAP_INSTANCE_KEY = 
# environment
PWD = /home/mohammad/Documents/preHiring
# default
.LOADED := 
# environment
JETBRAINS_CLIENT_VM_OPTIONS = /home/mohammad/Downloads/ja-netfilter/vmoptions/jetbrains_client.vmoptions
# environment
SSH_AGENT_PID = 1775
# environment
ORIGINAL_XDG_CURRENT_DESKTOP = ubuntu:GNOME
# environment
GTK_MODULES = gail:atk-bridge
# environment
GOMODCACHE = /home/mohammad/go/pkg/mod
# environment
HOME = /home/mohammad
# environment
LESSCLOSE = /usr/bin/lesspipe %s %s
# environment
RIDER_VM_OPTIONS = /home/mohammad/Downloads/ja-netfilter/vmoptions/rider.vmoptions
# environment
VSCODE_CLI = 1
# environment
VSCODE_CODE_CACHE_PATH = /home/mohammad/.config/Code/CachedData/57fd6d0195bb9b9d1b49f6da5db789060795de47
# environment
LOGNAME = mohammad
# environment
APPLICATION_INSIGHTS_NO_DIAGNOSTIC_CHANNEL = 1
# environment
SNAP_LIBRARY_PATH = /var/lib/snapd/lib/gl:/var/lib/snapd/lib/gl32:/var/lib/snapd/void
# environment
SNAP_CONTEXT = w1CKkRlZxI8MvnmhTGMZa8MJEUwKi_wAsi6ZQcyVlCbpgovq-hcQ
# automatic
+F = $(notdir $+)
# makefile (from 'Makefile', line 7)
GOPKG := 
# environment
ELECTRON_NO_ATTACH_CONSOLE = 1
# environment
SNAP_USER_COMMON = /home/mohammad/snap/code/common
# environment
VSCODE_HANDLES_UNCAUGHT_ERRORS = true
# environment
GNOME_DESKTOP_SESSION_ID = this-is-deprecated
# automatic
^D = $(patsubst %/,%,$(dir $^))
# environment
LC_TIME = az_IR
# environment
SNAP_REAL_HOME = /home/mohammad
# default
MAKE = $(MAKE_COMMAND)
# default
MAKECMDGOALS := all
# environment
QT_IM_MODULE = ibus
# environment
SNAP_USER_DATA = /home/mohammad/snap/code/95
# environment
SHLVL = 0
# environment
GNOME_SHELL_SESSION_MODE = ubuntu
# environment
VSCODE_IPC_HOOK_EXTHOST = /run/user/1000/vscode-ipc-0a8ba060-7328-4c33-ac3f-acb4050ed6b6.sock
# default
MAKE_VERSION := 4.2.1
# makefile (from 'Makefile', line 5)
GOBASE := /home/mohammad/Documents/preHiring
# environment
USER = mohammad
# environment
SNAP_REVISION = 95
# environment
LC_MONETARY = az_IR
# makefile
.DEFAULT_GOAL := all
# environment
XDG_CURRENT_DESKTOP = Unity
# automatic
%D = $(patsubst %/,%,$(dir $%))
# environment
LC_TELEPHONE = az_IR
# default
MAKE_COMMAND := make
# default
.VARIABLES := 
# automatic
*F = $(notdir $*)
# environment
VSCODE_IPC_HOOK = /run/user/1000/vscode-23b5e056-1.67.0-main.sock
# environment
BAMF_DESKTOP_FILE_HINT = /var/lib/snapd/desktop/applications/code_code.desktop
# makefile
MAKEFLAGS = pqrR
# environment
MFLAGS = -pqrR
# automatic
*D = $(patsubst %/,%,$(dir $*))
# automatic
+D = $(patsubst %/,%,$(dir $+))
# environment
DATAGRIP_VM_OPTIONS = /home/mohammad/Downloads/ja-netfilter/vmoptions/datagrip.vmoptions
# environment
GDK_BACKEND = x11
# environment
LC_PAPER = az_IR
# environment
LC_IDENTIFICATION = az_IR
# environment
QT_ACCESSIBILITY = 1
# environment
RUBYMINE_VM_OPTIONS = /home/mohammad/Downloads/ja-netfilter/vmoptions/rubymine.vmoptions
# environment
PYCHARM_VM_OPTIONS = /home/mohammad/Downloads/ja-netfilter/vmoptions/pycharm.vmoptions
# 'override' directive
.SHELLSTATUS := 0
# default
MAKEFILES := 
# environment
SNAP_COOKIE = w1CKkRlZxI8MvnmhTGMZa8MJEUwKi_wAsi6ZQcyVlCbpgovq-hcQ
# environment
LC_NUMERIC = az_IR
# automatic
<F = $(notdir $<)
# environment
LC_MEASUREMENT = az_IR
# environment
SNAP_NAME = code
# environment
LC_ALL = C
# environment
GJS_DEBUG_TOPICS = JS ERROR;JS LOG
# automatic
^F = $(notdir $^)
# default
SUFFIXES := 
# environment
SNAP_REEXEC = 
# environment
 
CHROME_DESKTOP = code-url-handler.desktop
# environment
WINDOWPATH = 2
# default
.INCLUDE_DIRS = /usr/include /usr/local/include /usr/include
# environment
GJS_DEBUG_OUTPUT = stderr
# default
.RECIPEPREFIX := 
# environment
LC_ADDRESS = az_IR
# environment
CLION_VM_OPTIONS = /home/mohammad/Downloads/ja-netfilter/vmoptions/clion.vmoptions
# environment
LANG = C
# environment
VSCODE_PID = 3622
# variable set hash-table stats:
# Load=151/1024=15%, Rehash=0, Collisions=24/191=13%

# Pattern-specific Variable Values

# No pattern-specific variable values.

# Directories

# . (device 2050, inode 7609684): 14 files, no impossibilities.

# 14 files, no impossibilities in 1 directories.

# Implicit Rules

# No implicit rules.

# Files

all: go-build-price go-build-order proto
#  Command line target.
#  Implicit rule search has been done.
#  File does not exist.
#  File has been updated.
#  Needs to be updated (-q is set).
# variable set hash-table stats:
# Load=0/32=0%, Rehash=0, Collisions=0/5=0%

# Not a target:
.SUFFIXES:
#  Implicit rule search has not been done.
#  Modification time never checked.
#  File has not been updated.

go-build-order:
#  Implicit rule search has not been done.
#  Modification time never checked.
#  File has not been updated.
#  recipe to execute (from 'Makefile', line 15):
	@echo "  >  Building order binary..."
	GOBIN=$(GOBIN) go build -o $(GOBIN)/order ./cmd/order

# Not a target:
Makefile:
#  Implicit rule search has been done.
#  Last modified 2022-05-08 22:44:45.688407531
#  File has been updated.
#  Successfully updated.

proto:
#  Implicit rule search has not been done.
#  Modification time never checked.
#  File has not been updated.
#  recipe to execute (from 'Makefile', line 26):
	mkdir -p server/grpc/pricegrpc
	protoc -I=server/grpc/pb \
	--go_out=server/grpc/pricegrpc \
	--go-grpc_out=server/grpc/pricegrpc \
	server/grpc/pb/price.proto

# Not a target:
.DEFAULT:
#  Implicit rule search has not been done.
#  Modification time never checked.
#  File has not been updated.

go-build-price:
#  Implicit rule search has not been done.
#  Implicit/static pattern stem: ''
#  File does not exist.
#  File has been updated.
#  Needs to be updated (-q is set).
# automatic
# @ := go-build-price
# automatic
# % := 
# automatic
# * := 
# automatic
# + := 
# automatic
# | := 
# automatic
# < := 
# automatic
# ^ := 
# automatic
# ? := 
# variable set hash-table stats:
# Load=8/32=25%, Rehash=0, Collisions=5/13=38%
#  recipe to execute (from 'Makefile', line 21):
	@echo "  >  Building price binary..."
	GOBIN=$(GOBIN) go build -o $(GOBIN)/price ./cmd/price

# files hash-table stats:
# Load=7/1024=1%, Rehash=0, Collisions=3/25=12%
# VPATH Search Paths

# No 'vpath' search paths.

# No general ('VPATH' variable) search path.

# strcache buffers: 1 (0) / strings = 22 / storage = 191 B / avg = 8 B
# current buf: size = 8162 B / used = 191 B / count = 22 / avg = 8 B

# strcache performance: lookups = 35 / hit rate = 37%
# hash-table stats:
# Load=22/8192=0%, Rehash=0, Collisions=1/35=3%
# Finished Make data base on Mon May  9 14:25:45 2022

 
